Using pre-set license
Built from '2022.3/release' branch; Version is '2022.3.5f1 (9674261d40ee) revision 9860134'; Using compiler version '192829333'; Build Type 'Release'
OS: 'Windows 10  (10.0.19045) 64bit Core' Language: 'en' Physical Memory: 16269 MB
BatchMode: 1, IsHumanControllingUs: 0, StartBugReporterOnCrash: 0, Is64bit: 1, IsPro: 1

COMMAND LINE ARGUMENTS:
D:\Program Files\Unity 2022.3.5f1\Editor\Unity.exe
-adb2
-batchMode
-noUpm
-name
AssetImportWorker0
-projectPath
D:/Art, Projects, and Video/Games/[CAM]/cam/CAM
-logFile
Logs/AssetImportWorker0.log
-srvPort
58115
Successfully changed project path to: D:/Art, Projects, and Video/Games/[CAM]/cam/CAM
D:/Art, Projects, and Video/Games/[CAM]/cam/CAM
[UnityMemory] Configuration Parameters - Can be set up in boot.config
    "memorysetup-bucket-allocator-granularity=16"
    "memorysetup-bucket-allocator-bucket-count=8"
    "memorysetup-bucket-allocator-block-size=33554432"
    "memorysetup-bucket-allocator-block-count=8"
    "memorysetup-main-allocator-block-size=16777216"
    "memorysetup-thread-allocator-block-size=16777216"
    "memorysetup-gfx-main-allocator-block-size=16777216"
    "memorysetup-gfx-thread-allocator-block-size=16777216"
    "memorysetup-cache-allocator-block-size=4194304"
    "memorysetup-typetree-allocator-block-size=2097152"
    "memorysetup-profiler-bucket-allocator-granularity=16"
    "memorysetup-profiler-bucket-allocator-bucket-count=8"
    "memorysetup-profiler-bucket-allocator-block-size=33554432"
    "memorysetup-profiler-bucket-allocator-block-count=8"
    "memorysetup-profiler-allocator-block-size=16777216"
    "memorysetup-profiler-editor-allocator-block-size=1048576"
    "memorysetup-temp-allocator-size-main=16777216"
    "memorysetup-job-temp-allocator-block-size=2097152"
    "memorysetup-job-temp-allocator-block-size-background=1048576"
    "memorysetup-job-temp-allocator-reduction-small-platforms=262144"
    "memorysetup-allocator-temp-initial-block-size-main=262144"
    "memorysetup-allocator-temp-initial-block-size-worker=262144"
    "memorysetup-temp-allocator-size-background-worker=32768"
    "memorysetup-temp-allocator-size-job-worker=262144"
    "memorysetup-temp-allocator-size-preload-manager=33554432"
    "memorysetup-temp-allocator-size-nav-mesh-worker=65536"
    "memorysetup-temp-allocator-size-audio-worker=65536"
    "memorysetup-temp-allocator-size-cloud-worker=32768"
    "memorysetup-temp-allocator-size-gi-baking-worker=262144"
    "memorysetup-temp-allocator-size-gfx=262144"
Player connection [25020] Host "[IP] 10.6.162.115 [Port] 0 [Flags] 2 [Guid] 2938669697 [EditorId] 2938669697 [Version] 1048832 [Id] WindowsEditor(7,LAPTOP-48SOS40A) [Debug] 1 [PackageName] WindowsEditor [ProjectName] Editor" joined multi-casting on [225.0.0.222:54997]...

Player connection [25020] Host "[IP] 10.6.162.115 [Port] 0 [Flags] 2 [Guid] 2938669697 [EditorId] 2938669697 [Version] 1048832 [Id] WindowsEditor(7,LAPTOP-48SOS40A) [Debug] 1 [PackageName] WindowsEditor [ProjectName] Editor" joined alternative multi-casting on [225.0.0.222:34997]...

Refreshing native plugins compatible for Editor in 11.11 ms, found 3 plugins.
Preloading 0 native plugins for Editor in 0.00 ms.
Initialize engine version: 2022.3.5f1 (9674261d40ee)
[Subsystems] Discovering subsystems at path D:/Program Files/Unity 2022.3.5f1/Editor/Data/Resources/UnitySubsystems
[Subsystems] Discovering subsystems at path D:/Art, Projects, and Video/Games/[CAM]/cam/CAM/Assets
GfxDevice: creating device client; threaded=0; jobified=0
Direct3D:
    Version:  Direct3D 11.0 [level 11.1]
    Renderer: NVIDIA GeForce GTX 1060 (ID=0x1c20)
    Vendor:   NVIDIA
    VRAM:     6043 MB
    Driver:   31.0.15.2756
Initialize mono
Mono path[0] = 'D:/Program Files/Unity 2022.3.5f1/Editor/Data/Managed'
Mono path[1] = 'D:/Program Files/Unity 2022.3.5f1/Editor/Data/MonoBleedingEdge/lib/mono/unityjit-win32'
Mono config path = 'D:/Program Files/Unity 2022.3.5f1/Editor/Data/MonoBleedingEdge/etc'
Using monoOptions --debugger-agent=transport=dt_socket,embedding=1,server=y,suspend=n,address=127.0.0.1:56092
Begin MonoManager ReloadAssembly
Registering precompiled unity dll's ...
Register platform support module: D:/Program Files/Unity 2022.3.5f1/Editor/Data/PlaybackEngines/WindowsStandaloneSupport/UnityEditor.WindowsStandalone.Extensions.dll
Registered in 0.006744 seconds.
- Loaded All Assemblies, in  0.587 seconds
Native extension for WindowsStandalone target not found
Mono: successfully reloaded assembly
- Finished resetting the current domain, in  0.399 seconds
Domain Reload Profiling: 986ms
	BeginReloadAssembly (193ms)
		ExecutionOrderSort (0ms)
		DisableScriptedObjects (0ms)
		BackupInstance (0ms)
		ReleaseScriptingObjects (0ms)
		CreateAndSetChildDomain (1ms)
	RebuildCommonClasses (69ms)
	RebuildNativeTypeToScriptingClass (18ms)
	initialDomainReloadingComplete (84ms)
	LoadAllAssembliesAndSetupDomain (222ms)
		LoadAssemblies (192ms)
		RebuildTransferFunctionScriptingTraits (0ms)
		AnalyzeDomain (216ms)
			TypeCache.Refresh (215ms)
				TypeCache.ScanAssembly (197ms)
			ScanForSourceGeneratedMonoScriptInfo (1ms)
			ResolveRequiredComponents (1ms)
	FinalizeReload (400ms)
		ReleaseScriptCaches (0ms)
		RebuildScriptCaches (0ms)
		SetupLoadedEditorAssemblies (310ms)
			LogAssemblyErrors (0ms)
			InitializePlatformSupportModulesInManaged (13ms)
			SetLoadedEditorAssemblies (11ms)
			RefreshPlugins (0ms)
			BeforeProcessingInitializeOnLoad (3ms)
			ProcessInitializeOnLoadAttributes (205ms)
			ProcessInitializeOnLoadMethodAttributes (77ms)
			AfterProcessingInitializeOnLoad (0ms)
			EditorAssembliesLoaded (0ms)
		ExecutionOrderSort2 (0ms)
		AwakeInstancesAfterBackupRestoration (0ms)
========================================================================
Worker process is ready to serve import requests
Begin MonoManager ReloadAssembly
Symbol file LoadedFromMemory doesn't match image D:\Art, Projects, and Video\Games\[CAM]\cam\CAM\Library\PackageCache\com.unity.visualscripting@1.8.0\Editor\VisualScripting.Core\Dependencies\YamlDotNet\Unity.VisualScripting.YamlDotNet.dll
Symbol file LoadedFromMemory doesn't match image D:\Art, Projects, and Video\Games\[CAM]\cam\CAM\Library\PackageCache\com.unity.visualscripting@1.8.0\Editor\VisualScripting.Core\Dependencies\DotNetZip\Unity.VisualScripting.IonicZip.dll
- Loaded All Assemblies, in  1.116 seconds
Refreshing native plugins compatible for Editor in 3.36 ms, found 3 plugins.
Native extension for WindowsStandalone target not found
Mono: successfully reloaded assembly
- Finished resetting the current domain, in  0.759 seconds
Domain Reload Profiling: 1875ms
	BeginReloadAssembly (210ms)
		ExecutionOrderSort (0ms)
		DisableScriptedObjects (8ms)
		BackupInstance (0ms)
		ReleaseScriptingObjects (0ms)
		CreateAndSetChildDomain (29ms)
	RebuildCommonClasses (53ms)
	RebuildNativeTypeToScriptingClass (21ms)
	initialDomainReloadingComplete (71ms)
	LoadAllAssembliesAndSetupDomain (760ms)
		LoadAssemblies (414ms)
		RebuildTransferFunctionScriptingTraits (0ms)
		AnalyzeDomain (470ms)
			TypeCache.Refresh (439ms)
				TypeCache.ScanAssembly (422ms)
			ScanForSourceGeneratedMonoScriptInfo (23ms)
			ResolveRequiredComponents (8ms)
	FinalizeReload (760ms)
		ReleaseScriptCaches (0ms)
		RebuildScriptCaches (0ms)
		SetupLoadedEditorAssemblies (532ms)
			LogAssemblyErrors (0ms)
			InitializePlatformSupportModulesInManaged (5ms)
			SetLoadedEditorAssemblies (4ms)
			RefreshPlugins (0ms)
			BeforeProcessingInitializeOnLoad (76ms)
			ProcessInitializeOnLoadAttributes (412ms)
			ProcessInitializeOnLoadMethodAttributes (31ms)
			AfterProcessingInitializeOnLoad (4ms)
			EditorAssembliesLoaded (0ms)
		ExecutionOrderSort2 (0ms)
		AwakeInstancesAfterBackupRestoration (11ms)
Launched and connected shader compiler UnityShaderCompiler.exe after 0.12 seconds
Refreshing native plugins compatible for Editor in 4.89 ms, found 3 plugins.
Preloading 0 native plugins for Editor in 0.00 ms.
Unloading 3518 Unused Serialized files (Serialized files now loaded: 0)
Unloading 37 unused Assets / (99.4 KB). Loaded Objects now: 3986.
Memory consumption went from 139.5 MB to 139.4 MB.
Total: 4.732600 ms (FindLiveObjects: 0.356600 ms CreateObjectMapping: 0.327300 ms MarkObjects: 3.881200 ms  DeleteObjects: 0.166200 ms)

AssetImportParameters requested are different than current active one (requested -> active):
  custom:container-demuxer-ogg: 62fdf1f143b41e24485cea50d1cbac27 -> 
  custom:video-decoder-ogg-theora: a1e56fd34408186e4bbccfd4996cb3dc -> 
  custom:framework-win-MediaFoundation: 216162199b28c13a410421893ffa2e32 -> 
  custom:container-demuxer-webm: 4f35f7cbe854078d1ac9338744f61a02 -> 
  custom:container-muxer-webm: aa71ff27fc2769a1b78a27578f13a17b -> 
  custom:video-decoder-webm-vp8: 9c59270c3fd7afecdb556c50c9e8de78 -> 
  custom:AudioImporter_EditorPlatform: d09bf68614088b80899f8185d706f6e7 -> 
  custom:video-encoder-webm-vp8: eb34c28f22e8b96e1ab97ce403110664 -> 
  custom:audio-decoder-ogg-vorbis: bf7c407c2cedff20999df2af8eb42d56 -> 
  custom:audio-encoder-webm-vorbis: bf7c407c2cedff20999df2af8eb42d56 -> 
========================================================================
Received Import Request.
  Time since last request: 680473.961431 seconds.
  path: Assets/Scenes/IMG_3524.png
  artifactKey: Guid(9439c65b9b4634844acdca5dc326d63f) Importer(815301076,1909f56bfc062723c751e8b465ee728b)
Start importing Assets/Scenes/IMG_3524.png using Guid(9439c65b9b4634844acdca5dc326d63f) Importer(815301076,1909f56bfc062723c751e8b465ee728b)  -> (artifact id: '6379d25bcdc0dd02925b9842597335a3') in 0.145809 seconds
Number of updated asset objects reloaded before import = 0
Number of asset objects unloaded after import = 3
========================================================================
Received Import Request.
  Time since last request: 3.540224 seconds.
  path: Assets/Standard Assets
  artifactKey: Guid(f8af4f4568ad1ee4d9031d6ba74aa5d2) Importer(815301076,1909f56bfc062723c751e8b465ee728b)
Start importing Assets/Standard Assets using Guid(f8af4f4568ad1ee4d9031d6ba74aa5d2) Importer(815301076,1909f56bfc062723c751e8b465ee728b)  -> (artifact id: 'e489489fc13c365396733b93c3196d33') in 0.000677 seconds
Number of updated asset objects reloaded before import = 0
Number of asset objects unloaded after import = 0
========================================================================
Received Import Request.
  Time since last request: 1.230009 seconds.
  path: Assets/Standard Assets/Image Effects (Pro Only)
  artifactKey: Guid(7a9fea18d6d60f04d89ee1095b37b2e9) Importer(815301076,1909f56bfc062723c751e8b465ee728b)
Start importing Assets/Standard Assets/Image Effects (Pro Only) using Guid(7a9fea18d6d60f04d89ee1095b37b2e9) Importer(815301076,1909f56bfc062723c751e8b465ee728b)  -> (artifact id: '39f57fc24a8884da6b87ec9530ba51bd') in 0.000485 seconds
Number of updated asset objects reloaded before import = 0
Number of asset objects unloaded after import = 0
========================================================================
Received Import Request.
  Time since last request: 0.618539 seconds.
  path: Assets/Standard Assets/Image Effects (Pro Only)/_Sources
  artifactKey: Guid(6bc4e0d3bee65134d825089946d09652) Importer(815301076,1909f56bfc062723c751e8b465ee728b)
Start importing Assets/Standard Assets/Image Effects (Pro Only)/_Sources using Guid(6bc4e0d3bee65134d825089946d09652) Importer(815301076,1909f56bfc062723c751e8b465ee728b)  -> (artifact id: 'b79aff4e670eed22c6c0977ba5938d9f') in 0.000528 seconds
Number of updated asset objects reloaded before import = 0
Number of asset objects unloaded after import = 0
========================================================================
Received Import Request.
  Time since last request: 0.544357 seconds.
  path: Assets/Standard Assets/Image Effects (Pro Only)/_Sources/Textures
  artifactKey: Guid(744e56bb750aa92408e1b5ed8b6677ee) Importer(815301076,1909f56bfc062723c751e8b465ee728b)
Start importing Assets/Standard Assets/Image Effects (Pro Only)/_Sources/Textures using Guid(744e56bb750aa92408e1b5ed8b6677ee) Importer(815301076,1909f56bfc062723c751e8b465ee728b)  -> (artifact id: '61750397a9d94df48501e1b729731f3f') in 0.000511 seconds
Number of updated asset objects reloaded before import = 0
Number of asset objects unloaded after import = 0
========================================================================
Received Import Request.
  Time since last request: 0.046995 seconds.
  path: Assets/Standard Assets/Image Effects (Pro Only)/_Sources/Textures/RandomVectors.png
  artifactKey: Guid(a181ca8e3c62f3e4b8f183f6c586b032) Importer(815301076,1909f56bfc062723c751e8b465ee728b)
Start importing Assets/Standard Assets/Image Effects (Pro Only)/_Sources/Textures/RandomVectors.png using Guid(a181ca8e3c62f3e4b8f183f6c586b032) Importer(815301076,1909f56bfc062723c751e8b465ee728b)  -> (artifact id: 'cd4a55d2ff87cda88300952ef99c6ac6') in 0.023007 seconds
Number of updated asset objects reloaded before import = 0
Number of asset objects unloaded after import = 2
========================================================================
Received Import Request.
  Time since last request: 14.677824 seconds.
  path: Assets/Scenes
  artifactKey: Guid(8666e0fa31b09ae448912a8940000ad9) Importer(815301076,1909f56bfc062723c751e8b465ee728b)
Start importing Assets/Scenes using Guid(8666e0fa31b09ae448912a8940000ad9) Importer(815301076,1909f56bfc062723c751e8b465ee728b)  -> (artifact id: 'cb7deebe1fdd8de359bbe26191f849ec') in 0.000713 seconds
Number of updated asset objects reloaded before import = 0
Number of asset objects unloaded after import = 0
========================================================================
Received Import Request.
  Time since last request: 1.120095 seconds.
  path: Assets/Scenes/Test Camera&AlanCheckpoint.unity
  artifactKey: Guid(0039e87651f25ea4ca3502e392052fb7) Importer(815301076,1909f56bfc062723c751e8b465ee728b)
Start importing Assets/Scenes/Test Camera&AlanCheckpoint.unity using Guid(0039e87651f25ea4ca3502e392052fb7) Importer(815301076,1909f56bfc062723c751e8b465ee728b)  -> (artifact id: 'c7d2fdc4d001238a669b1da26b83ab1d') in 0.000479 seconds
Number of updated asset objects reloaded before import = 0
Number of asset objects unloaded after import = 0
========================================================================
Received Prepare
Refreshing native plugins compatible for Editor in 5.96 ms, found 3 plugins.
Preloading 0 native plugins for Editor in 0.00 ms.
Unloading 1 Unused Serialized files (Serialized files now loaded: 0)
Unloading 2 unused Assets / (53.0 KB). Loaded Objects now: 3994.
Memory consumption went from 80.2 MB to 80.1 MB.
Total: 5.042400 ms (FindLiveObjects: 0.348500 ms CreateObjectMapping: 0.327800 ms MarkObjects: 4.261500 ms  DeleteObjects: 0.103700 ms)

Prepare: number of updated asset objects reloaded= 0
AssetImportParameters requested are different than current active one (requested -> active):
  custom:container-demuxer-ogg: 62fdf1f143b41e24485cea50d1cbac27 -> 
  custom:video-decoder-ogg-theora: a1e56fd34408186e4bbccfd4996cb3dc -> 
  custom:framework-win-MediaFoundation: 216162199b28c13a410421893ffa2e32 -> 
  custom:CustomObjectIndexerAttribute: 756ad292c208cfabdd7b50bc23989ffe -> 
  custom:container-demuxer-webm: 4f35f7cbe854078d1ac9338744f61a02 -> 
  custom:container-muxer-webm: aa71ff27fc2769a1b78a27578f13a17b -> 
  custom:video-decoder-webm-vp8: 9c59270c3fd7afecdb556c50c9e8de78 -> 
  custom:AudioImporter_EditorPlatform: d09bf68614088b80899f8185d706f6e7 -> 
  custom:video-encoder-webm-vp8: eb34c28f22e8b96e1ab97ce403110664 -> 
  custom:audio-decoder-ogg-vorbis: bf7c407c2cedff20999df2af8eb42d56 -> 
  custom:audio-encoder-webm-vorbis: bf7c407c2cedff20999df2af8eb42d56 -> 
========================================================================
Received Import Request.
  Time since last request: 29.441045 seconds.
  path: Assets/Prefabs
  artifactKey: Guid(c768aa39fb378154599521419f6234d6) Importer(815301076,1909f56bfc062723c751e8b465ee728b)
Start importing Assets/Prefabs using Guid(c768aa39fb378154599521419f6234d6) Importer(815301076,1909f56bfc062723c751e8b465ee728b)  -> (artifact id: 'f931ae846881ee35b151c7c2b7442eec') in 0.001452 seconds
Number of updated asset objects reloaded before import = 0
Number of asset objects unloaded after import = 0
========================================================================
Received Import Request.
  Time since last request: 0.053063 seconds.
  path: Assets/Prefabs/Alan.prefab
  artifactKey: Guid(73737f4759b7f054aba91ca6bc69a1c8) Importer(815301076,1909f56bfc062723c751e8b465ee728b)
Start importing Assets/Prefabs/Alan.prefab using Guid(73737f4759b7f054aba91ca6bc69a1c8) Importer(815301076,1909f56bfc062723c751e8b465ee728b)  -> (artifact id: '2afa94b35340fd5ceb59e0b1e6814d06') in 0.067439 seconds
Internal: There are remaining Allocations on the JobTempAlloc. This is a leak, and will impact performance
To Debug, run app with -diag-job-temp-memory-leak-validation cmd line argument. This will output the callstacks of the leaked allocations.
Number of updated asset objects reloaded before import = 0
Number of asset objects unloaded after import = 17
========================================================================
Received Import Request.
  Time since last request: 0.000026 seconds.
  path: Assets/Prefabs/CheckPoint_All Cameras.prefab
  artifactKey: Guid(e749e6769359b4544b77c48e14517317) Importer(815301076,1909f56bfc062723c751e8b465ee728b)
Start importing Assets/Prefabs/CheckPoint_All Cameras.prefab using Guid(e749e6769359b4544b77c48e14517317) Importer(815301076,1909f56bfc062723c751e8b465ee728b)  -> (artifact id: 'b820e8ede0323c07724bd141a3641b76') in 0.005092 seconds
Internal: There are remaining Allocations on the JobTempAlloc. This is a leak, and will impact performance
To Debug, run app with -diag-job-temp-memory-leak-validation cmd line argument. This will output the callstacks of the leaked allocations.
Number of updated asset objects reloaded before import = 0
Number of asset objects unloaded after import = 58
========================================================================
Received Import Request.
  Time since last request: 0.000021 seconds.
  path: Assets/Prefabs/Collectable (Check child for note).prefab
  artifactKey: Guid(60f8a1785e952494a9bb31db7d3ecdf5) Importer(815301076,1909f56bfc062723c751e8b465ee728b)
Start importing Assets/Prefabs/Collectable (Check child for note).prefab using Guid(60f8a1785e952494a9bb31db7d3ecdf5) Importer(815301076,1909f56bfc062723c751e8b465ee728b)  -> (artifact id: '8bba56f8c9ee85458891a7799dc2fce6') in 0.311687 seconds
Internal: There are remaining Allocations on the JobTempAlloc. This is a leak, and will impact performance
To Debug, run app with -diag-job-temp-memory-leak-validation cmd line argument. This will output the callstacks of the leaked allocations.
Number of updated asset objects reloaded before import = 0
Number of asset objects unloaded after import = 10
========================================================================
Received Import Request.
  Time since last request: 0.000021 seconds.
  path: Assets/Prefabs/Object that needs to stay.prefab
  artifactKey: Guid(204c57e7bdf880d49aa65c3250749579) Importer(815301076,1909f56bfc062723c751e8b465ee728b)
Start importing Assets/Prefabs/Object that needs to stay.prefab using Guid(204c57e7bdf880d49aa65c3250749579) Importer(815301076,1909f56bfc062723c751e8b465ee728b)  -> (artifact id: 'e3f28a2c466aefb7c4d54ecb27cad7cb') in 0.140382 seconds
Internal: There are remaining Allocations on the JobTempAlloc. This is a leak, and will impact performance
To Debug, run app with -diag-job-temp-memory-leak-validation cmd line argument. This will output the callstacks of the leaked allocations.
Number of updated asset objects reloaded before import = 0
Number of asset objects unloaded after import = 17
========================================================================
Received Import Request.
  Time since last request: 0.000025 seconds.
  path: Assets/Prefabs/Object that needs to go.prefab
  artifactKey: Guid(1585cc1ce0c53e043a21917347a84a6c) Importer(815301076,1909f56bfc062723c751e8b465ee728b)
Start importing Assets/Prefabs/Object that needs to go.prefab using Guid(1585cc1ce0c53e043a21917347a84a6c) Importer(815301076,1909f56bfc062723c751e8b465ee728b)  -> (artifact id: '05a4030177db180f9448fab7d2295006') in 0.019002 seconds
Internal: There are remaining Allocations on the JobTempAlloc. This is a leak, and will impact performance
To Debug, run app with -diag-job-temp-memory-leak-validation cmd line argument. This will output the callstacks of the leaked allocations.
Number of updated asset objects reloaded before import = 0
Number of asset objects unloaded after import = 17
========================================================================
Received Import Request.
  Time since last request: 0.000021 seconds.
  path: Assets/Prefabs/Guys (Obstale 1).prefab
  artifactKey: Guid(20979f764857f154ebd32ce7eeaf2b99) Importer(815301076,1909f56bfc062723c751e8b465ee728b)
Start importing Assets/Prefabs/Guys (Obstale 1).prefab using Guid(20979f764857f154ebd32ce7eeaf2b99) Importer(815301076,1909f56bfc062723c751e8b465ee728b)  -> (artifact id: 'a4f79c779f9eeeeb2e1fbb6c5bf9ed48') in 0.068623 seconds
Internal: There are remaining Allocations on the JobTempAlloc. This is a leak, and will impact performance
To Debug, run app with -diag-job-temp-memory-leak-validation cmd line argument. This will output the callstacks of the leaked allocations.
Number of updated asset objects reloaded before import = 0
Number of asset objects unloaded after import = 35
========================================================================
Received Import Request.
  Time since last request: 0.000029 seconds.
  path: Assets/Prefabs/Win Condition.prefab
  artifactKey: Guid(5d41e29249a5db943984a7d718568c87) Importer(815301076,1909f56bfc062723c751e8b465ee728b)
Start importing Assets/Prefabs/Win Condition.prefab using Guid(5d41e29249a5db943984a7d718568c87) Importer(815301076,1909f56bfc062723c751e8b465ee728b)  -> (artifact id: 'd1a85502a437693478f46f556b8fa73a') in 0.003000 seconds
Internal: There are remaining Allocations on the JobTempAlloc. This is a leak, and will impact performance
To Debug, run app with -diag-job-temp-memory-leak-validation cmd line argument. This will output the callstacks of the leaked allocations.
Number of updated asset objects reloaded before import = 0
Number of asset objects unloaded after import = 8
========================================================================
Received Import Request.
  Time since last request: 0.000019 seconds.
  path: Assets/Prefabs/Fence Door.prefab
  artifactKey: Guid(34f4b058ae4e93c45aeb15b8aa7c757a) Importer(815301076,1909f56bfc062723c751e8b465ee728b)
Start importing Assets/Prefabs/Fence Door.prefab using Guid(34f4b058ae4e93c45aeb15b8aa7c757a) Importer(815301076,1909f56bfc062723c751e8b465ee728b)  -> (artifact id: 'd54196cb70ae252aad84c27de0f72099') in 0.025483 seconds
Internal: There are remaining Allocations on the JobTempAlloc. This is a leak, and will impact performance
To Debug, run app with -diag-job-temp-memory-leak-validation cmd line argument. This will output the callstacks of the leaked allocations.
Number of updated asset objects reloaded before import = 0
Number of asset objects unloaded after import = 10
========================================================================
Received Import Request.
  Time since last request: 0.000020 seconds.
  path: Assets/Prefabs/Canvas (PlaceHolders).prefab
  artifactKey: Guid(81e47d09de398f54fa46950ad7b6f4d2) Importer(815301076,1909f56bfc062723c751e8b465ee728b)
Start importing Assets/Prefabs/Canvas (PlaceHolders).prefab using Guid(81e47d09de398f54fa46950ad7b6f4d2) Importer(815301076,1909f56bfc062723c751e8b465ee728b)  -> (artifact id: '53fdcc2b82907fecbdf3d2923b6b3f0e') in 0.033857 seconds
Internal: There are remaining Allocations on the JobTempAlloc. This is a leak, and will impact performance
To Debug, run app with -diag-job-temp-memory-leak-validation cmd line argument. This will output the callstacks of the leaked allocations.
Number of updated asset objects reloaded before import = 0
Number of asset objects unloaded after import = 24
========================================================================
Received Import Request.
  Time since last request: 40.857028 seconds.
  path: Assets/Scenes/ChinaTown.unity
  artifactKey: Guid(bf98e1046f557944e8e68107ccb20f9d) Importer(815301076,1909f56bfc062723c751e8b465ee728b)
Start importing Assets/Scenes/ChinaTown.unity using Guid(bf98e1046f557944e8e68107ccb20f9d) Importer(815301076,1909f56bfc062723c751e8b465ee728b)  -> (artifact id: '9c165296419c672b3b70d38ba295b17c') in 0.000753 seconds
Internal: There are remaining Allocations on the JobTempAlloc. This is a leak, and will impact performance
To Debug, run app with -diag-job-temp-memory-leak-validation cmd line argument. This will output the callstacks of the leaked allocations.
Number of updated asset objects reloaded before import = 0
Number of asset objects unloaded after import = 0
========================================================================
Received Import Request.
  Time since last request: 20.020710 seconds.
  path: Assets/Prefabs/town_scene.fbx
  artifactKey: Guid(8bb32c2ae6bc7c144bc24f305249e110) Importer(815301076,1909f56bfc062723c751e8b465ee728b)
Start importing Assets/Prefabs/town_scene.fbx using Guid(8bb32c2ae6bc7c144bc24f305249e110) Importer(815301076,1909f56bfc062723c751e8b465ee728b)  -> (artifact id: 'a8ae81d7974970a7ce0d36ad83113492') in 17.239263 seconds
Internal: There are remaining Allocations on the JobTempAlloc. This is a leak, and will impact performance
To Debug, run app with -diag-job-temp-memory-leak-validation cmd line argument. This will output the callstacks of the leaked allocations.
Number of updated asset objects reloaded before import = 0
Number of asset objects unloaded after import = 11741
